[debug] [2018-03-16T13:34:30.194Z] ----------------------------------------------------------------------
[debug] [2018-03-16T13:34:30.196Z] Command:       D:\Arquivos de Programas\nodejs\node.exe C:\Users\Ritter\AppData\Roaming\npm\node_modules\firebase-tools\bin\firebase deploy
[debug] [2018-03-16T13:34:30.196Z] CLI Version:   3.17.4
[debug] [2018-03-16T13:34:30.196Z] Platform:      win32
[debug] [2018-03-16T13:34:30.196Z] Node Version:  v6.11.1
[debug] [2018-03-16T13:34:30.197Z] Time:          Fri Mar 16 2018 10:34:30 GMT-0300 (Hora oficial do Brasil)
[debug] [2018-03-16T13:34:30.197Z] ----------------------------------------------------------------------
[debug] 
[debug] [2018-03-16T13:34:30.212Z] > command requires scopes: ["email","openid","https://www.googleapis.com/auth/cloudplatformprojects.readonly","https://www.googleapis.com/auth/firebase","https://www.googleapis.com/auth/cloud-platform"]
[debug] [2018-03-16T13:34:30.213Z] > authorizing via signed-in user
[debug] [2018-03-16T13:34:30.216Z] > refreshing access token with scopes: ["email","https://www.googleapis.com/auth/cloud-platform","https://www.googleapis.com/auth/cloudplatformprojects.readonly","https://www.googleapis.com/auth/firebase","openid"]
[debug] [2018-03-16T13:34:30.217Z] >>> HTTP REQUEST POST https://www.googleapis.com/oauth2/v3/token  
 { refresh_token: '1/Z6nNvviYl9rrDq0Lpx83GdCKB4T4Vl5YFxoktgOS_Cw',
  client_id: '563584335869-fgrhgmd47bqnekij5i8b5pr03ho849e6.apps.googleusercontent.com',
  client_secret: 'j9iVZfS8kkCEFUPaAeJV0sAi',
  grant_type: 'refresh_token',
  scope: 'email https://www.googleapis.com/auth/cloud-platform https://www.googleapis.com/auth/cloudplatformprojects.readonly https://www.googleapis.com/auth/firebase openid' } 
 Fri Mar 16 2018 10:34:30 GMT-0300 (Hora oficial do Brasil)
[debug] [2018-03-16T13:34:30.904Z] <<< HTTP RESPONSE 200
[debug] [2018-03-16T13:34:30.915Z] >>> HTTP REQUEST GET https://admin.firebase.com/v1/projects/tirrell-6da1f  
  
 Fri Mar 16 2018 10:34:30 GMT-0300 (Hora oficial do Brasil)
[debug] [2018-03-16T13:34:32.112Z] <<< HTTP RESPONSE 200
[debug] [2018-03-16T13:34:32.113Z] >>> HTTP REQUEST GET https://admin.firebase.com/v1/database/tirrell-6da1f/tokens  
  
 Fri Mar 16 2018 10:34:32 GMT-0300 (Hora oficial do Brasil)
[debug] [2018-03-16T13:34:32.989Z] <<< HTTP RESPONSE 200
[info] 
[info] === Deploying to 'tirrell-6da1f'...
[info] 
[info] i  deploying functions, hosting
[debug] [2018-03-16T13:34:34.179Z] > [functions] package.json contents: {
  "name": "functions",
  "description": "Cloud Functions for Firebase",
  "scripts": {
    "serve": "firebase serve --only functions",
    "shell": "firebase experimental:functions:shell",
    "start": "npm run shell",
    "deploy": "firebase deploy --only functions",
    "logs": "firebase functions:log"
  },
  "dependencies": {
    "cors": "^2.8.4",
    "firebase-admin": "~5.4.2",
    "firebase-functions": "^0.7.1",
    "nodemailer": "^4.4.1",
    "request": "^2.79.0"
  },
  "private": true
}
[info] i  functions: ensuring necessary APIs are enabled...
[debug] [2018-03-16T13:34:34.181Z] >>> HTTP REQUEST GET https://servicemanagement.googleapis.com/v1/services/cloudfunctions.googleapis.com/projectSettings/tirrell-6da1f?view=CONSUMER_VIEW  
  
 Fri Mar 16 2018 10:34:34 GMT-0300 (Hora oficial do Brasil)
[debug] [2018-03-16T13:34:34.182Z] >>> HTTP REQUEST GET https://servicemanagement.googleapis.com/v1/services/runtimeconfig.googleapis.com/projectSettings/tirrell-6da1f?view=CONSUMER_VIEW  
  
 Fri Mar 16 2018 10:34:34 GMT-0300 (Hora oficial do Brasil)
[debug] [2018-03-16T13:34:35.795Z] <<< HTTP RESPONSE 200
[debug] [2018-03-16T13:34:35.849Z] <<< HTTP RESPONSE 200
[info] +  functions: all necessary APIs are enabled
[debug] [2018-03-16T13:34:35.852Z] >>> HTTP REQUEST GET https://appengine.googleapis.com/v1/apps/tirrell-6da1f  
  
 Fri Mar 16 2018 10:34:35 GMT-0300 (Hora oficial do Brasil)
[debug] [2018-03-16T13:34:35.852Z] >>> HTTP REQUEST GET https://apikeys.googleapis.com/v1/projects/tirrell-6da1f/apiKeys  
  
 Fri Mar 16 2018 10:34:35 GMT-0300 (Hora oficial do Brasil)
[debug] [2018-03-16T13:34:36.932Z] <<< HTTP RESPONSE 200
[debug] [2018-03-16T13:34:37.173Z] <<< HTTP RESPONSE 200
[info] i  functions: preparing functions directory for uploading...
[info] i  functions: packaged functions (1.54 KB) for uploading
[debug] [2018-03-16T13:34:38.099Z] >>> HTTP REQUEST GET https://www.googleapis.com/storage/v1/b/staging.tirrell-6da1f.appspot.com  
  
 Fri Mar 16 2018 10:34:38 GMT-0300 (Hora oficial do Brasil)
[debug] [2018-03-16T13:34:38.441Z] <<< HTTP RESPONSE 200
[debug] [2018-03-16T13:34:38.441Z] >>> HTTP REQUEST POST https://www.googleapis.com/upload/storage/v1/b/staging.tirrell-6da1f.appspot.com/o?uploadType=media&name=firebase-functions-source  
 ReadStream {
  _readableState: 
   ReadableState {
     objectMode: false,
     highWaterMark: 65536,
     buffer: BufferList { head: [Object], tail: [Object], length: 1 },
     length: 1573,
     pipes: null,
     pipesCount: 0,
     flowing: null,
     ended: true,
     endEmitted: false,
     reading: false,
     sync: false,
     needReadable: false,
     emittedReadable: true,
     readableListening: false,
     resumeScheduled: false,
     defaultEncoding: 'utf8',
     ranOut: false,
     awaitDrain: 0,
     readingMore: false,
     decoder: null,
     encoding: null },
  readable: true,
  domain: null,
  _events: { end: [Function] },
  _eventsCount: 1,
  _maxListeners: undefined,
  path: 'C:\\Users\\Ritter\\AppData\\Local\\Temp\\firebase-functions-111252Dh1eyp9jfl6r.zip',
  fd: 5,
  flags: 'r',
  mode: 438,
  start: undefined,
  end: undefined,
  autoClose: true,
  pos: undefined,
  bytesRead: 1573 } 
 Fri Mar 16 2018 10:34:38 GMT-0300 (Hora oficial do Brasil)
[debug] [2018-03-16T13:34:39.369Z] <<< HTTP RESPONSE 200
[info] +  functions: functions folder uploaded successfully
[info] i  hosting: preparing public directory for upload...
[warn] !  Warning: Public directory does not contain index.html
[debug] [2018-03-16T13:34:40.708Z] >>> HTTP REQUEST PUT https://deploy.firebase.com/v1/hosting/tirrell-6da1f/uploads/-L7j0EUEYmPXAfg0tGOY?fileCount=156&message=  
  
 Fri Mar 16 2018 10:34:40 GMT-0300 (Hora oficial do Brasil)
