[debug] [2018-03-15T19:39:39.390Z] ----------------------------------------------------------------------
[debug] [2018-03-15T19:39:39.393Z] Command:       D:\Arquivos de Programas\nodejs\node.exe C:\Users\Ritter\AppData\Roaming\npm\node_modules\firebase-tools\bin\firebase deploy
[debug] [2018-03-15T19:39:39.394Z] CLI Version:   3.17.4
[debug] [2018-03-15T19:39:39.394Z] Platform:      win32
[debug] [2018-03-15T19:39:39.394Z] Node Version:  v6.11.1
[debug] [2018-03-15T19:39:39.395Z] Time:          Thu Mar 15 2018 16:39:39 GMT-0300 (Hora oficial do Brasil)
[debug] [2018-03-15T19:39:39.395Z] ----------------------------------------------------------------------
[debug] 
[debug] [2018-03-15T19:39:39.411Z] > command requires scopes: ["email","openid","https://www.googleapis.com/auth/cloudplatformprojects.readonly","https://www.googleapis.com/auth/firebase","https://www.googleapis.com/auth/cloud-platform"]
[debug] [2018-03-15T19:39:39.411Z] > authorizing via signed-in user
[debug] [2018-03-15T19:39:39.415Z] >>> HTTP REQUEST GET https://admin.firebase.com/v1/projects/tirrell-6da1f  
  
 Thu Mar 15 2018 16:39:39 GMT-0300 (Hora oficial do Brasil)
[debug] [2018-03-15T19:39:40.755Z] <<< HTTP RESPONSE 200
[debug] [2018-03-15T19:39:40.757Z] >>> HTTP REQUEST GET https://admin.firebase.com/v1/database/tirrell-6da1f/tokens  
  
 Thu Mar 15 2018 16:39:40 GMT-0300 (Hora oficial do Brasil)
[debug] [2018-03-15T19:39:41.663Z] <<< HTTP RESPONSE 200
[info] 
[info] === Deploying to 'tirrell-6da1f'...
[info] 
[info] i  deploying hosting
[info] i  hosting: preparing public directory for upload...
[warn] !  Warning: Public directory does not contain index.html
[debug] [2018-03-15T19:39:44.021Z] >>> HTTP REQUEST PUT https://deploy.firebase.com/v1/hosting/tirrell-6da1f/uploads/-L7fACetIfRQVFKFcxIV?fileCount=157&message=  
  
 Thu Mar 15 2018 16:39:44 GMT-0300 (Hora oficial do Brasil)
